*** Using Compiler 'V5.06 update 6 (build 750)', folder: 'D:\Keil\core\ARM\ARMCC\Bin'
Build target 'Target 1'
assembling startup_stm32f10x_md.s...
compiling stm32f10x_dac.c...
compiling stm32f10x_can.c...
compiling misc.c...
compiling stm32f10x_dma.c...
compiling stm32f10x_exti.c...
compiling core_cm3.c...
compiling stm32f10x_adc.c...
compiling stm32f10x_cec.c...
compiling stm32f10x_gpio.c...
compiling stm32f10x_dbgmcu.c...
compiling stm32f10x_crc.c...
compiling stm32f10x_bkp.c...
compiling stm32f10x_i2c.c...
compiling stm32f10x_fsmc.c...
compiling stm32f10x_flash.c...
compiling stm32f10x_iwdg.c...
compiling stm32f10x_pwr.c...
compiling stm32f10x_rtc.c...
compiling stm32f10x_rcc.c...
compiling stm32f10x_spi.c...
compiling stm32f10x_sdio.c...
compiling stm32f10x_wwdg.c...
compiling stm32f10x_usart.c...
compiling stm32f10x_tim.c...
compiling stm32f10x_it.c...
compiling main.c...
compiling system_stm32f10x.c...
compiling PCMsg.c...
compiling RobotRun.c...
compiling App.c...
compiling Flash.c...
compiling BusServoCtrl.c...
compiling Bluetooth.c...
linking...
Program Size: Code=14056 RO-data=268 RW-data=136 ZI-data=2688  
FromELF: creating hex file...
".\Obj\OpenArmSTM32.axf" - 0 Error(s), 0 Warning(s).
Build Time Elapsed:  00:00:04
